<?xml version="1.0" encoding="UTF-8"?>
<!-- Generated by org.testng.reporters.JUnitReportReporter -->
<testsuite hostname="Mds-MacBook-Air.local" name="com.talentech.seleniumscripts.AnnotationTest" tests="2" failures="0" timestamp="17 Jun 2020 04:09:59 GMT" time="0.011" errors="0">
  <testcase name="f" time="0.005" classname="com.talentech.seleniumscripts.AnnotationTest"/>
  <testcase name="f" time="0.006" classname="com.talentech.seleniumscripts.AnnotationTest"/>
</testsuite> <!-- com.talentech.seleniumscripts.AnnotationTest -->
